2018-02-01__06_58_05_PM
batch_num,epoch,batch_acc
1,epoch_16032,0.999992
2,epoch_16032,0.999996
3,epoch_16032,0.999969
4,epoch_16032,1.000000
5,epoch_16032,0.999949
6,epoch_16032,0.999953
7,epoch_16032,1.000000
<<<<<<< HEAD
8,epoch_16032,0.999977
9,epoch_16032,0.999930
10,epoch_16032,0.985664
11,epoch_16032,0.999996
12,epoch_16032,0.999992
13,epoch_16032,1.000000
14,epoch_16032,0.999996
15,epoch_16032,0.999984
16,epoch_16032,0.988090
17,epoch_16032,0.999945
18,epoch_16032,0.999953
19,epoch_16032,0.999996
20,epoch_16032,0.999953
21,epoch_16032,0.999938
22,epoch_16032,0.985066
23,epoch_16032,0.999996
24,epoch_16032,0.999992
25,epoch_16032,0.999902
26,epoch_16032,0.999984
27,epoch_16032,0.999969
28,epoch_16032,0.999973
29,epoch_16032,0.999988
30,epoch_16032,0.999988
31,epoch_16032,0.999973
32,epoch_16032,0.999953
33,epoch_16032,1.000000
34,epoch_16032,0.984902
35,epoch_16032,0.999988
36,epoch_16032,0.999996
37,epoch_16032,0.999984
38,epoch_16032,0.999992
39,epoch_16032,0.999996
40,epoch_16032,0.989633
41,epoch_16032,0.999984
42,epoch_16032,0.999984
43,epoch_16032,0.999969
44,epoch_16032,0.999965
45,epoch_16032,0.999996
46,epoch_16032,0.999969
47,epoch_16032,1.000000
48,epoch_16032,0.999996
49,epoch_16032,0.999988
50,epoch_16032,0.999938
51,epoch_16032,0.985922
52,epoch_16032,0.999988
53,epoch_16032,0.999965
54,epoch_16032,0.999977
55,epoch_16032,1.000000
56,epoch_16032,0.999996
57,epoch_16032,0.999992
58,epoch_16032,0.999988
59,epoch_16032,0.999988
60,epoch_16032,0.999992
61,epoch_16032,0.999992
62,epoch_16032,0.999996
63,epoch_16032,0.984285
64,epoch_16032,0.999988
65,epoch_16032,0.999965
66,epoch_16032,0.999992
67,epoch_16032,0.999992
68,epoch_16032,1.000000
69,epoch_16032,0.999953
70,epoch_16032,0.999965
71,epoch_16032,0.999977
72,epoch_16032,0.999992
73,epoch_16032,0.999996
74,epoch_16032,0.999969
75,epoch_16032,0.999957
76,epoch_16032,0.999961
77,epoch_16032,0.999988
78,epoch_16032,0.999988
79,epoch_16032,0.999988
80,epoch_16032,0.999988
81,epoch_16032,0.974828
82,epoch_16032,0.999980
83,epoch_16032,0.999984
84,epoch_16032,0.999977
85,epoch_16032,0.999992
86,epoch_16032,0.999949
87,epoch_16032,0.999980
88,epoch_16032,0.999938
89,epoch_16032,0.999973
90,epoch_16032,0.999965
91,epoch_16032,0.999984
92,epoch_16032,1.000000
93,epoch_16032,0.999973
94,epoch_16032,0.999922
95,epoch_16032,0.999977
96,epoch_16032,0.999992
97,epoch_16032,0.999988
98,epoch_16032,0.999949
99,epoch_16032,0.999973
100,epoch_16032,0.999977
=======
>>>>>>> fee7ef2d4debe78840acd2b288249cb27d109c6b
