2018-02-01__06_54_26_PM
batch_num,epoch,batch_acc
1,epoch_16032,1.000000
2,epoch_16032,1.000000
3,epoch_16032,1.000000
4,epoch_16032,1.000000
5,epoch_16032,1.000000
6,epoch_16032,1.000000
7,epoch_16032,1.000000
8,epoch_16032,1.000000
9,epoch_16032,1.000000
10,epoch_16032,1.000000
11,epoch_16032,1.000000
12,epoch_16032,1.000000
13,epoch_16032,1.000000
14,epoch_16032,1.000000
15,epoch_16032,1.000000
16,epoch_16032,1.000000
17,epoch_16032,1.000000
18,epoch_16032,1.000000
19,epoch_16032,1.000000
20,epoch_16032,1.000000
21,epoch_16032,1.000000
22,epoch_16032,1.000000
23,epoch_16032,1.000000
24,epoch_16032,1.000000
25,epoch_16032,1.000000
26,epoch_16032,1.000000
27,epoch_16032,1.000000
28,epoch_16032,1.000000
29,epoch_16032,1.000000
30,epoch_16032,1.000000
31,epoch_16032,1.000000
32,epoch_16032,1.000000
33,epoch_16032,1.000000
34,epoch_16032,1.000000
35,epoch_16032,1.000000
